【Success】【selectRegister】 Start
【Success】首页点击【注册】按钮
【Success】【selectRegister】TestCase Success
【Success】【register】 Start
【Success】输入手机号：13564102010
【Success】输入密码：111111
【Success】输入图片验证码：N7AX


【Success】点击【获取短信验证码】
【Success】验证注册信息是否正确
【Success】登录线上短信查询页面
【Success】输入手机号：13564102010
【Success】点击【查询】
【Success】输入短信验证码：1063
【Success】点击【确认注册】
【Success】点击【确认注册】
【Success】【register】TestCase Success
【Success】【finishRegister】 Start
【Success】登录51offer后台
【Success】输入用户名：CS_001
【Success】输入密码
【Success】点击【登录】
【Success】点击【注册用户】
【Success】搜索筛选选择为：mobile
【Success】搜索：13564102010
【Success】用户uid:1432821
【Success】用户名:offer1432821
【Success】用户：offer1432821被设置为:测试数据
【Success】确认保存
【Success】点击【进入我的留学申请】
【Success】【finishRegister】TestCase Success
【Success】【selectLogin】 Start
【Success】首页点击【登录】按钮
【Success】【selectLogin】TestCase Success
【Success】【login】 Start
【Success】选择【账号登录】
【Success】输入用户名：offer1432821
【Success】输入密码：111111
【Success】点击【确认登录】
【Success】【login】TestCase Success
【Success】【startThreeStep】 Start
【Success】点击【免费获取留学方案】按钮
【Success】【startThreeStep】TestCase Success
【Success】【oneStep】 Start
【Success】开始第一滑
【Success】想去的国家选择为：英国
【Success】计划出国时间选择为：2017
【Success】目前就读年纪选择为：本科大三
【Success】点击【查看我的留学方案】
【Success】用户:offer1432821完成第一滑
【Success】【oneStep】TestCase Success
【Success】【twoStep】 Start
【Success】开始第二滑
【Success】点击【继续制定我的选校方案】
【Success】用户:offer1432821完成第二滑
【Success】【twoStep】TestCase Success
【Success】【threeStep】 Start
【Success】开始第三滑
【failure】【threeStep】TestCase failure
【Success】【logout】 Start
【Success】点击【退出】按钮
【Success】【logout】TestCase Success
【Success】test finish
