【Success】首页点击【注册】按钮
【Success】输入手机号：13564102010
【Success】输入密码：111111
【Success】输入图片验证码：F D~UU


【Success】点击【获取短信验证码】
【Success】验证注册信息是否正确
【Success】手机号已注册
【Success】登录51offer后台
【Success】输入用户名：CS_001
【Success】输入密码
【Success】点击【登录】
【Success】点击【注册用户】
【Success】搜索筛选选择为：mobile
【Success】搜索：13564102010
【Success】用户uid:1395373
【Success】用户名:offer1395373
【Success】用户：offer1395373被设置为:测试数据
【Success】确认保存
【Success】登录51offerB端后台
【Success】输入用户名：test
【Success】输入密码
【Success】点击【登录】
【Success】点击【白名单】
【Success】输入用户名：offer1395373
【Success】输入手机号：13564102010
【Success】点击【删除】
【Success】再次点击【获取短信验证码】
【Success】登录线上短信查询页面
【Success】输入手机号：13564102010
【Success】点击【查询】
【Success】输入短信验证码：9730
【Success】点击【确认注册】
【Success】点击【确认注册】
【Success】图片验证码识别错误
【Success】更换验证再次输入
【Success】输入图片验证码：VXVG


【Success】点击【确认注册】
【Success】短信验证码失效
【Success】再次点击【获取短信验证码】
【Success】登录线上短信查询页面
【Success】输入手机号：13564102010
【Success】点击【查询】
【Success】输入短信验证码：6367
【Success】点击【确认注册】
【Success】图片验证码识别错误
【Success】更换验证再次输入
【Success】输入图片验证码：7M3F


【Success】点击【确认注册】
【Success】登录51offer后台
【Success】输入用户名：CS_001
【Success】输入密码
【Success】点击【登录】
【Success】点击【注册用户】
【Success】搜索筛选选择为：mobile
【Success】搜索：13564102010
【Success】用户uid:1395441
【Success】用户名:offer1395441
【Success】用户：offer1395441被设置为:测试数据
【Success】确认保存
【Success】点击【进入我的留学申请】
【Success】首页点击【登录】按钮
【Success】选择【账号登录】
【Success】输入用户名：offer1395441
【Success】输入密码：111111
【Success】点击【确认登录】
【Success】点击【免费获取留学方案】按钮
【Success】开始第一滑
【Success】想去的国家选择为：英国
【Success】计划出国时间选择为：2017
【Success】目前就读年纪选择为：本科大三
【Success】点击【查看我的留学方案】
【Success】用户:offer1395441完成第一滑
【Success】开始第二滑
【Success】选择留学方案:硕士
【Success】选择留学方案:硕士预科
【Success】点击【继续制定我的选校方案】
【Success】用户:offer1395441完成第二滑
【Success】开始第三滑
【Success】输入姓名:自动化测试用户
【Success】输入最近就读学校:复旦大学
【Success】就读专业选择为：医药学
【Success】输入期中期末考试平均分:99.8
【Success】希望就读专业选择为：商科
【Success】希望就读专业小类选择为：图书馆和信息管理
【Success】点击【立即查看我的选校方案】
【Success】用户:offer1395441完成第三滑
【Success】点击【查看选校结果】
【Success】点击【退出】按钮
